2016-02-21 16:31:35.781  INFO 2676 --- [main] c.s.f.FootballteamsApplication           : Starting FootballteamsApplication on B-PC with PID 2676 (C:\Users\B\Documents\workspace-sts-3.7.2.RELEASE\footballteams\target\classes started by B in C:\Users\B\Documents\workspace-sts-3.7.2.RELEASE\footballteams)
2016-02-21 16:31:35.785  INFO 2676 --- [main] c.s.f.FootballteamsApplication           : No active profile set, falling back to default profiles: default
2016-02-21 16:31:36.261  INFO 2676 --- [main] ationConfigEmbeddedWebApplicationContext : Refreshing org.springframework.boot.context.embedded.AnnotationConfigEmbeddedWebApplicationContext@7181ae3f: startup date [Sun Feb 21 16:31:36 GMT 2016]; root of context hierarchy
2016-02-21 16:31:37.922  INFO 2676 --- [main] o.s.b.f.s.DefaultListableBeanFactory     : Overriding bean definition for bean 'beanNameViewResolver' with a different definition: replacing [Root bean: class [null]; scope=; abstract=false; lazyInit=false; autowireMode=3; dependencyCheck=0; autowireCandidate=true; primary=false; factoryBeanName=org.springframework.boot.autoconfigure.web.ErrorMvcAutoConfiguration$WhitelabelErrorViewConfiguration; factoryMethodName=beanNameViewResolver; initMethodName=null; destroyMethodName=(inferred); defined in class path resource [org/springframework/boot/autoconfigure/web/ErrorMvcAutoConfiguration$WhitelabelErrorViewConfiguration.class]] with [Root bean: class [null]; scope=; abstract=false; lazyInit=false; autowireMode=3; dependencyCheck=0; autowireCandidate=true; primary=false; factoryBeanName=org.springframework.boot.autoconfigure.web.WebMvcAutoConfiguration$WebMvcAutoConfigurationAdapter; factoryMethodName=beanNameViewResolver; initMethodName=null; destroyMethodName=(inferred); defined in class path resource [org/springframework/boot/autoconfigure/web/WebMvcAutoConfiguration$WebMvcAutoConfigurationAdapter.class]]
2016-02-21 16:31:39.117  INFO 2676 --- [main] trationDelegate$BeanPostProcessorChecker : Bean 'org.springframework.transaction.annotation.ProxyTransactionManagementConfiguration' of type [class org.springframework.transaction.annotation.ProxyTransactionManagementConfiguration$$EnhancerBySpringCGLIB$$1d66b848] is not eligible for getting processed by all BeanPostProcessors (for example: not eligible for auto-proxying)
2016-02-21 16:31:40.224  INFO 2676 --- [main] s.b.c.e.t.TomcatEmbeddedServletContainer : Tomcat initialized with port(s): 8080 (http)
2016-02-21 16:31:40.253  INFO 2676 --- [main] o.apache.catalina.core.StandardService   : Starting service Tomcat
2016-02-21 16:31:40.256  INFO 2676 --- [main] org.apache.catalina.core.StandardEngine  : Starting Servlet Engine: Apache Tomcat/8.0.30
2016-02-21 16:31:40.532  INFO 2676 --- [localhost-startStop-1] o.a.c.c.C.[Tomcat].[localhost].[/]       : Initializing Spring embedded WebApplicationContext
2016-02-21 16:31:40.532  INFO 2676 --- [localhost-startStop-1] o.s.web.context.ContextLoader            : Root WebApplicationContext: initialization completed in 4276 ms
2016-02-21 16:31:41.181  INFO 2676 --- [localhost-startStop-1] o.s.b.c.embedded.FilterRegistrationBean  : Mapping filter: 'characterEncodingFilter' to: [/*]
2016-02-21 16:31:41.182  INFO 2676 --- [localhost-startStop-1] o.s.b.c.embedded.FilterRegistrationBean  : Mapping filter: 'hiddenHttpMethodFilter' to: [/*]
2016-02-21 16:31:41.183  INFO 2676 --- [localhost-startStop-1] o.s.b.c.embedded.FilterRegistrationBean  : Mapping filter: 'httpPutFormContentFilter' to: [/*]
2016-02-21 16:31:41.183  INFO 2676 --- [localhost-startStop-1] o.s.b.c.embedded.FilterRegistrationBean  : Mapping filter: 'requestContextFilter' to: [/*]
2016-02-21 16:31:41.186  INFO 2676 --- [localhost-startStop-1] .e.DelegatingFilterProxyRegistrationBean : Mapping filter: 'springSecurityFilterChain' to: [/*]
2016-02-21 16:31:41.186  INFO 2676 --- [localhost-startStop-1] o.s.b.c.e.ServletRegistrationBean        : Mapping servlet: 'dispatcherServlet' to [/]
2016-02-21 16:31:41.706  INFO 2676 --- [localhost-startStop-1] o.s.s.web.DefaultSecurityFilterChain     : Creating filter chain: Ant [pattern='/css/**'], []
2016-02-21 16:31:41.707  INFO 2676 --- [localhost-startStop-1] o.s.s.web.DefaultSecurityFilterChain     : Creating filter chain: Ant [pattern='/js/**'], []
2016-02-21 16:31:41.707  INFO 2676 --- [localhost-startStop-1] o.s.s.web.DefaultSecurityFilterChain     : Creating filter chain: Ant [pattern='/images/**'], []
2016-02-21 16:31:41.707  INFO 2676 --- [localhost-startStop-1] o.s.s.web.DefaultSecurityFilterChain     : Creating filter chain: Ant [pattern='/**/favicon.ico'], []
2016-02-21 16:31:41.707  INFO 2676 --- [localhost-startStop-1] o.s.s.web.DefaultSecurityFilterChain     : Creating filter chain: Ant [pattern='/error'], []
2016-02-21 16:31:41.840  INFO 2676 --- [localhost-startStop-1] o.s.s.web.DefaultSecurityFilterChain     : Creating filter chain: OrRequestMatcher [requestMatchers=[Ant [pattern='/**']]], [org.springframework.security.web.context.request.async.WebAsyncManagerIntegrationFilter@77a1fd8e, org.springframework.security.web.context.SecurityContextPersistenceFilter@5b365f87, org.springframework.security.web.header.HeaderWriterFilter@2433c8ee, org.springframework.security.web.authentication.logout.LogoutFilter@7d335656, org.springframework.security.web.authentication.www.BasicAuthenticationFilter@56565660, org.springframework.security.web.savedrequest.RequestCacheAwareFilter@126fad1b, org.springframework.security.web.servletapi.SecurityContextHolderAwareRequestFilter@59f916bd, org.springframework.security.web.authentication.AnonymousAuthenticationFilter@5b6095c, org.springframework.security.web.session.SessionManagementFilter@6b605ae0, org.springframework.security.web.access.ExceptionTranslationFilter@3805ec74, org.springframework.security.web.access.intercept.FilterSecurityInterceptor@4ea321cd]
2016-02-21 16:31:42.470  INFO 2676 --- [main] j.LocalContainerEntityManagerFactoryBean : Building JPA container EntityManagerFactory for persistence unit 'default'
2016-02-21 16:31:42.491  INFO 2676 --- [main] o.hibernate.jpa.internal.util.LogHelper  : HHH000204: Processing PersistenceUnitInfo [
	name: default
	...]
2016-02-21 16:31:42.667  INFO 2676 --- [main] org.hibernate.Version                    : HHH000412: Hibernate Core {4.3.11.Final}
2016-02-21 16:31:42.670  INFO 2676 --- [main] org.hibernate.cfg.Environment            : HHH000206: hibernate.properties not found
2016-02-21 16:31:42.698  INFO 2676 --- [main] org.hibernate.cfg.Environment            : HHH000021: Bytecode provider name : javassist
2016-02-21 16:31:43.237  INFO 2676 --- [main] o.hibernate.annotations.common.Version   : HCANN000001: Hibernate Commons Annotations {4.0.5.Final}
2016-02-21 16:31:43.342  INFO 2676 --- [main] org.hibernate.dialect.Dialect            : HHH000400: Using dialect: org.hibernate.dialect.H2Dialect
2016-02-21 16:31:43.531  INFO 2676 --- [main] o.h.h.i.ast.ASTQueryTranslatorFactory    : HHH000397: Using ASTQueryTranslatorFactory
2016-02-21 16:31:44.024  INFO 2676 --- [main] org.hibernate.tool.hbm2ddl.SchemaExport  : HHH000227: Running hbm2ddl schema export
2016-02-21 16:31:44.063  INFO 2676 --- [main] org.hibernate.tool.hbm2ddl.SchemaExport  : HHH000230: Schema export complete
2016-02-21 16:31:44.239  INFO 2676 --- [main] o.s.jdbc.datasource.init.ScriptUtils     : Executing SQL script from URL [file:/C:/Users/B/Documents/workspace-sts-3.7.2.RELEASE/footballteams/target/classes/data.sql]
2016-02-21 16:31:44.253  INFO 2676 --- [main] o.s.jdbc.datasource.init.ScriptUtils     : Executed SQL script from URL [file:/C:/Users/B/Documents/workspace-sts-3.7.2.RELEASE/footballteams/target/classes/data.sql] in 14 ms.
2016-02-21 16:31:44.814  INFO 2676 --- [main] s.w.s.m.m.a.RequestMappingHandlerAdapter : Looking for @ControllerAdvice: org.springframework.boot.context.embedded.AnnotationConfigEmbeddedWebApplicationContext@7181ae3f: startup date [Sun Feb 21 16:31:36 GMT 2016]; root of context hierarchy
2016-02-21 16:31:44.929  INFO 2676 --- [main] s.w.s.m.m.a.RequestMappingHandlerMapping : Mapped "{[/competitions/list]}" onto public java.util.Collection<com.sebarber.footballteams.entity.Competition> com.sebarber.footballteams.controller.CompetitionController.listCompetitions()
2016-02-21 16:31:44.933  INFO 2676 --- [main] s.w.s.m.m.a.RequestMappingHandlerMapping : Mapped "{[/players/list]}" onto public java.util.Collection<com.sebarber.footballteams.entity.Person> com.sebarber.footballteams.controller.PlayerController.listPlayers()
2016-02-21 16:31:44.936  INFO 2676 --- [main] s.w.s.m.m.a.RequestMappingHandlerMapping : Mapped "{[/teams/save],methods=[POST]}" onto public org.springframework.http.ResponseEntity<java.lang.String> com.sebarber.footballteams.controller.TeamController.create(com.sebarber.footballteams.entity.FootballTeamRequestMapping)
2016-02-21 16:31:44.937  INFO 2676 --- [main] s.w.s.m.m.a.RequestMappingHandlerMapping : Mapped "{[/teams/list]}" onto public java.util.Collection<com.sebarber.footballteams.entity.FootballTeam> com.sebarber.footballteams.controller.TeamController.getTeams()
2016-02-21 16:31:44.940  INFO 2676 --- [main] s.w.s.m.m.a.RequestMappingHandlerMapping : Mapped "{[/error]}" onto public org.springframework.http.ResponseEntity<java.util.Map<java.lang.String, java.lang.Object>> org.springframework.boot.autoconfigure.web.BasicErrorController.error(javax.servlet.http.HttpServletRequest)
2016-02-21 16:31:44.941  INFO 2676 --- [main] s.w.s.m.m.a.RequestMappingHandlerMapping : Mapped "{[/error],produces=[text/html]}" onto public org.springframework.web.servlet.ModelAndView org.springframework.boot.autoconfigure.web.BasicErrorController.errorHtml(javax.servlet.http.HttpServletRequest,javax.servlet.http.HttpServletResponse)
2016-02-21 16:31:44.984  INFO 2676 --- [main] o.s.w.s.handler.SimpleUrlHandlerMapping  : Mapped URL path [/webjars/**] onto handler of type [class org.springframework.web.servlet.resource.ResourceHttpRequestHandler]
2016-02-21 16:31:44.984  INFO 2676 --- [main] o.s.w.s.handler.SimpleUrlHandlerMapping  : Mapped URL path [/**] onto handler of type [class org.springframework.web.servlet.resource.ResourceHttpRequestHandler]
2016-02-21 16:31:45.052  INFO 2676 --- [main] o.s.w.s.handler.SimpleUrlHandlerMapping  : Mapped URL path [/**/favicon.ico] onto handler of type [class org.springframework.web.servlet.resource.ResourceHttpRequestHandler]
2016-02-21 16:31:45.967  INFO 2676 --- [main] o.s.j.e.a.AnnotationMBeanExporter        : Registering beans for JMX exposure on startup
2016-02-21 16:31:46.152  INFO 2676 --- [main] s.b.c.e.t.TomcatEmbeddedServletContainer : Tomcat started on port(s): 8080 (http)
2016-02-21 16:31:46.161  INFO 2676 --- [main] c.s.f.FootballteamsApplication           : Started FootballteamsApplication in 10.964 seconds (JVM running for 11.518)
2016-02-21 16:32:04.237  INFO 2676 --- [http-nio-8080-exec-3] o.a.c.c.C.[Tomcat].[localhost].[/]       : Initializing Spring FrameworkServlet 'dispatcherServlet'
2016-02-21 16:32:04.238  INFO 2676 --- [http-nio-8080-exec-3] o.s.web.servlet.DispatcherServlet        : FrameworkServlet 'dispatcherServlet': initialization started
2016-02-21 16:32:04.279  INFO 2676 --- [http-nio-8080-exec-3] o.s.web.servlet.DispatcherServlet        : FrameworkServlet 'dispatcherServlet': initialization completed in 41 ms
2016-02-21 16:33:16.448  INFO 2676 --- [http-nio-8080-exec-1] c.s.f.service.PersonServiceImpl          : Finding all person entries
2016-02-21 16:33:25.030  INFO 2676 --- [http-nio-8080-exec-3] c.s.f.service.CompetitionServiceImpl     : Finding all competition entries
